2024-01-28 10:48:55,489 INFO o.a.j.u.JMeterUtils: Setting Locale to en_EN
2024-01-28 10:48:55,507 INFO o.a.j.JMeter: Loading user properties from: user.properties
2024-01-28 10:48:55,507 INFO o.a.j.JMeter: Loading system properties from: system.properties
2024-01-28 10:48:55,512 INFO o.a.j.JMeter: Copyright (c) 1998-2024 The Apache Software Foundation
2024-01-28 10:48:55,513 INFO o.a.j.JMeter: Version 5.6.3
2024-01-28 10:48:55,513 INFO o.a.j.JMeter: java.version=19.0.1
2024-01-28 10:48:55,513 INFO o.a.j.JMeter: java.vm.name=Java HotSpot(TM) 64-Bit Server VM
2024-01-28 10:48:55,513 INFO o.a.j.JMeter: os.name=Windows 11
2024-01-28 10:48:55,513 INFO o.a.j.JMeter: os.arch=amd64
2024-01-28 10:48:55,513 INFO o.a.j.JMeter: os.version=10.0
2024-01-28 10:48:55,513 INFO o.a.j.JMeter: file.encoding=UTF-8
2024-01-28 10:48:55,513 INFO o.a.j.JMeter: java.awt.headless=null
2024-01-28 10:48:55,513 INFO o.a.j.JMeter: Max memory     =1073741824
2024-01-28 10:48:55,513 INFO o.a.j.JMeter: Available Processors =8
2024-01-28 10:48:55,523 INFO o.a.j.JMeter: Default Locale=English (EN)
2024-01-28 10:48:55,523 INFO o.a.j.JMeter: JMeter  Locale=English (EN)
2024-01-28 10:48:55,523 INFO o.a.j.JMeter: JMeterHome=C:\Users\LENOVO\Desktop\Microservice\apache-jmeter-5.6.3
2024-01-28 10:48:55,523 INFO o.a.j.JMeter: user.dir  =C:\Users\LENOVO\Desktop\Microservice\apache-jmeter-5.6.3\bin
2024-01-28 10:48:55,524 INFO o.a.j.JMeter: PWD       =C:\Users\LENOVO\Desktop\Microservice\apache-jmeter-5.6.3\bin
2024-01-28 10:48:55,533 INFO o.a.j.JMeter: IP: 192.168.1.4 Name: LAPTOP-HTU6IR3D FullName: 192.168.1.4
2024-01-28 10:48:55,542 INFO o.a.j.JMeter: Loaded icon properties from org/apache/jmeter/images/icon.properties
2024-01-28 10:48:55,690 INFO o.a.j.JMeterGuiLauncher: Setting LAF to: com.github.weisj.darklaf.DarkLaf:com.github.weisj.darklaf.theme.DarculaTheme
2024-01-28 10:49:20,140 INFO o.a.j.p.h.s.HTTPSamplerBase: Parser for text/html is org.apache.jmeter.protocol.http.parser.LagartoBasedHtmlParser
2024-01-28 10:49:20,141 INFO o.a.j.p.h.s.HTTPSamplerBase: Parser for application/xhtml+xml is org.apache.jmeter.protocol.http.parser.LagartoBasedHtmlParser
2024-01-28 10:49:20,141 INFO o.a.j.p.h.s.HTTPSamplerBase: Parser for application/xml is org.apache.jmeter.protocol.http.parser.LagartoBasedHtmlParser
2024-01-28 10:49:20,141 INFO o.a.j.p.h.s.HTTPSamplerBase: Parser for text/xml is org.apache.jmeter.protocol.http.parser.LagartoBasedHtmlParser
2024-01-28 10:49:20,141 INFO o.a.j.p.h.s.HTTPSamplerBase: Parser for text/vnd.wap.wml is org.apache.jmeter.protocol.http.parser.RegexpHTMLParser
2024-01-28 10:49:20,141 INFO o.a.j.p.h.s.HTTPSamplerBase: Parser for text/css is org.apache.jmeter.protocol.http.parser.CssParser
2024-01-28 10:50:00,263 INFO o.a.j.s.SampleResult: Note: Sample TimeStamps are START times
2024-01-28 10:50:00,263 INFO o.a.j.s.SampleResult: sampleresult.default.encoding is set to UTF-8
2024-01-28 10:50:00,263 INFO o.a.j.s.SampleResult: sampleresult.useNanoTime=true
2024-01-28 10:50:00,263 INFO o.a.j.s.SampleResult: sampleresult.nanoThreadSleep=5000
2024-01-28 10:50:09,090 INFO o.a.j.s.FileServer: Default base='C:\Users\LENOVO\Desktop\Microservice\apache-jmeter-5.6.3\bin'
2024-01-28 10:50:09,091 INFO o.a.j.s.FileServer: Set new base='C:\Users\LENOVO\Desktop\Microservice\apache-jmeter-5.6.3\bin'
2024-01-28 10:50:09,275 INFO o.a.j.s.SaveService: Testplan (JMX) version: 2.2. Testlog (JTL) version: 2.2
2024-01-28 10:50:09,296 INFO o.a.j.s.SaveService: Using SaveService properties version 5.0
2024-01-28 10:50:09,297 INFO o.a.j.s.SaveService: Using SaveService properties file encoding UTF-8
2024-01-28 10:50:09,320 INFO o.a.j.e.StandardJMeterEngine: Running the test!
2024-01-28 10:50:09,321 INFO o.a.j.s.SampleEvent: List of sample_variables: []
2024-01-28 10:50:09,321 INFO o.a.j.s.SampleEvent: List of sample_variables: []
2024-01-28 10:50:09,321 INFO o.a.j.e.u.CompoundVariable: Note: Function class names must contain the string: '.functions.'
2024-01-28 10:50:09,321 INFO o.a.j.e.u.CompoundVariable: Note: Function class names must not contain the string: '.gui.'
2024-01-28 10:50:09,370 INFO o.a.j.g.u.JMeterMenuBar: setRunning(true, *local*)
2024-01-28 10:50:09,396 INFO o.a.j.e.StandardJMeterEngine: Starting ThreadGroup: 1 : Thread Group
2024-01-28 10:50:09,396 INFO o.a.j.e.StandardJMeterEngine: Starting 15 threads for group Thread Group.
2024-01-28 10:50:09,396 INFO o.a.j.e.StandardJMeterEngine: Thread will continue on error
2024-01-28 10:50:09,396 INFO o.a.j.t.ThreadGroup: Starting thread group... number=1 threads=15 ramp-up=1 delayedStart=false
2024-01-28 10:50:09,399 INFO o.a.j.t.JMeterThread: Thread started: Thread Group 1-1
2024-01-28 10:50:09,403 INFO o.a.j.t.ThreadGroup: Started thread group number 1
2024-01-28 10:50:09,403 INFO o.a.j.e.StandardJMeterEngine: All thread groups have been started
2024-01-28 10:50:09,411 INFO o.a.j.p.h.s.HTTPHCAbstractImpl: Local host = LAPTOP-HTU6IR3D
2024-01-28 10:50:09,417 INFO o.a.j.p.h.s.HTTPHC4Impl: HTTP request retry count = 0
2024-01-28 10:50:09,465 INFO o.a.j.t.JMeterThread: Thread started: Thread Group 1-2
2024-01-28 10:50:09,532 INFO o.a.j.t.JMeterThread: Thread started: Thread Group 1-3
2024-01-28 10:50:09,541 INFO o.a.j.t.JMeterThread: Thread is done: Thread Group 1-2
2024-01-28 10:50:09,541 INFO o.a.j.t.JMeterThread: Thread is done: Thread Group 1-1
2024-01-28 10:50:09,541 INFO o.a.j.t.JMeterThread: Thread finished: Thread Group 1-2
2024-01-28 10:50:09,541 INFO o.a.j.t.JMeterThread: Thread finished: Thread Group 1-1
2024-01-28 10:50:09,545 INFO o.a.j.t.JMeterThread: Thread is done: Thread Group 1-3
2024-01-28 10:50:09,546 INFO o.a.j.t.JMeterThread: Thread finished: Thread Group 1-3
2024-01-28 10:50:09,598 INFO o.a.j.t.JMeterThread: Thread started: Thread Group 1-4
2024-01-28 10:50:09,606 INFO o.a.j.t.JMeterThread: Thread is done: Thread Group 1-4
2024-01-28 10:50:09,607 INFO o.a.j.t.JMeterThread: Thread finished: Thread Group 1-4
2024-01-28 10:50:09,667 INFO o.a.j.t.JMeterThread: Thread started: Thread Group 1-5
2024-01-28 10:50:09,678 INFO o.a.j.t.JMeterThread: Thread is done: Thread Group 1-5
2024-01-28 10:50:09,679 INFO o.a.j.t.JMeterThread: Thread finished: Thread Group 1-5
2024-01-28 10:50:09,732 INFO o.a.j.t.JMeterThread: Thread started: Thread Group 1-6
2024-01-28 10:50:09,745 INFO o.a.j.t.JMeterThread: Thread is done: Thread Group 1-6
2024-01-28 10:50:09,745 INFO o.a.j.t.JMeterThread: Thread finished: Thread Group 1-6
2024-01-28 10:50:09,800 INFO o.a.j.t.JMeterThread: Thread started: Thread Group 1-7
2024-01-28 10:50:09,809 INFO o.a.j.t.JMeterThread: Thread is done: Thread Group 1-7
2024-01-28 10:50:09,809 INFO o.a.j.t.JMeterThread: Thread finished: Thread Group 1-7
2024-01-28 10:50:09,867 INFO o.a.j.t.JMeterThread: Thread started: Thread Group 1-8
2024-01-28 10:50:09,877 INFO o.a.j.t.JMeterThread: Thread is done: Thread Group 1-8
2024-01-28 10:50:09,877 INFO o.a.j.t.JMeterThread: Thread finished: Thread Group 1-8
2024-01-28 10:50:09,935 INFO o.a.j.t.JMeterThread: Thread started: Thread Group 1-9
2024-01-28 10:50:09,945 INFO o.a.j.t.JMeterThread: Thread is done: Thread Group 1-9
2024-01-28 10:50:09,945 INFO o.a.j.t.JMeterThread: Thread finished: Thread Group 1-9
2024-01-28 10:50:10,002 INFO o.a.j.t.JMeterThread: Thread started: Thread Group 1-10
2024-01-28 10:50:10,011 INFO o.a.j.t.JMeterThread: Thread is done: Thread Group 1-10
2024-01-28 10:50:10,012 INFO o.a.j.t.JMeterThread: Thread finished: Thread Group 1-10
2024-01-28 10:50:10,068 INFO o.a.j.t.JMeterThread: Thread started: Thread Group 1-11
2024-01-28 10:50:10,080 INFO o.a.j.t.JMeterThread: Thread is done: Thread Group 1-11
2024-01-28 10:50:10,080 INFO o.a.j.t.JMeterThread: Thread finished: Thread Group 1-11
2024-01-28 10:50:10,135 INFO o.a.j.t.JMeterThread: Thread started: Thread Group 1-12
2024-01-28 10:50:10,145 INFO o.a.j.t.JMeterThread: Thread is done: Thread Group 1-12
2024-01-28 10:50:10,146 INFO o.a.j.t.JMeterThread: Thread finished: Thread Group 1-12
2024-01-28 10:50:10,202 INFO o.a.j.t.JMeterThread: Thread started: Thread Group 1-13
2024-01-28 10:50:10,214 INFO o.a.j.t.JMeterThread: Thread is done: Thread Group 1-13
2024-01-28 10:50:10,215 INFO o.a.j.t.JMeterThread: Thread finished: Thread Group 1-13
2024-01-28 10:50:10,268 INFO o.a.j.t.JMeterThread: Thread started: Thread Group 1-14
2024-01-28 10:50:10,278 INFO o.a.j.t.JMeterThread: Thread is done: Thread Group 1-14
2024-01-28 10:50:10,278 INFO o.a.j.t.JMeterThread: Thread finished: Thread Group 1-14
2024-01-28 10:50:10,335 INFO o.a.j.t.JMeterThread: Thread started: Thread Group 1-15
2024-01-28 10:50:10,344 INFO o.a.j.t.JMeterThread: Thread is done: Thread Group 1-15
2024-01-28 10:50:10,344 INFO o.a.j.t.JMeterThread: Thread finished: Thread Group 1-15
2024-01-28 10:50:10,345 INFO o.a.j.e.StandardJMeterEngine: Notifying test listeners of end of test
2024-01-28 10:50:10,345 INFO o.a.j.g.u.JMeterMenuBar: setRunning(false, *local*)
2024-01-28 10:50:33,767 INFO o.a.j.e.StandardJMeterEngine: Running the test!
2024-01-28 10:50:33,768 INFO o.a.j.s.SampleEvent: List of sample_variables: []
2024-01-28 10:50:33,768 INFO o.a.j.g.u.JMeterMenuBar: setRunning(true, *local*)
2024-01-28 10:50:33,796 INFO o.a.j.e.StandardJMeterEngine: Starting ThreadGroup: 1 : Thread Group
2024-01-28 10:50:33,796 INFO o.a.j.e.StandardJMeterEngine: Starting 15 threads for group Thread Group.
2024-01-28 10:50:33,797 INFO o.a.j.e.StandardJMeterEngine: Thread will continue on error
2024-01-28 10:50:33,797 INFO o.a.j.t.ThreadGroup: Starting thread group... number=1 threads=15 ramp-up=1 delayedStart=false
2024-01-28 10:50:33,797 INFO o.a.j.t.JMeterThread: Thread started: Thread Group 1-1
2024-01-28 10:50:33,800 INFO o.a.j.t.ThreadGroup: Started thread group number 1
2024-01-28 10:50:33,800 INFO o.a.j.e.StandardJMeterEngine: All thread groups have been started
2024-01-28 10:50:33,866 INFO o.a.j.t.JMeterThread: Thread started: Thread Group 1-2
2024-01-28 10:50:33,868 INFO o.a.j.t.JMeterThread: Thread is done: Thread Group 1-1
2024-01-28 10:50:33,870 INFO o.a.j.t.JMeterThread: Thread finished: Thread Group 1-1
2024-01-28 10:50:33,933 INFO o.a.j.t.JMeterThread: Thread started: Thread Group 1-3
2024-01-28 10:50:33,935 INFO o.a.j.t.JMeterThread: Thread is done: Thread Group 1-2
2024-01-28 10:50:33,937 INFO o.a.j.t.JMeterThread: Thread finished: Thread Group 1-2
2024-01-28 10:50:34,001 INFO o.a.j.t.JMeterThread: Thread started: Thread Group 1-4
2024-01-28 10:50:34,067 INFO o.a.j.t.JMeterThread: Thread started: Thread Group 1-5
2024-01-28 10:50:34,135 INFO o.a.j.t.JMeterThread: Thread started: Thread Group 1-6
2024-01-28 10:50:34,201 INFO o.a.j.t.JMeterThread: Thread started: Thread Group 1-7
2024-01-28 10:50:34,267 INFO o.a.j.t.JMeterThread: Thread started: Thread Group 1-8
2024-01-28 10:50:34,335 INFO o.a.j.t.JMeterThread: Thread started: Thread Group 1-9
2024-01-28 10:50:34,401 INFO o.a.j.t.JMeterThread: Thread started: Thread Group 1-10
2024-01-28 10:50:34,469 INFO o.a.j.t.JMeterThread: Thread started: Thread Group 1-11
2024-01-28 10:50:34,536 INFO o.a.j.t.JMeterThread: Thread started: Thread Group 1-12
2024-01-28 10:50:34,603 INFO o.a.j.t.JMeterThread: Thread started: Thread Group 1-13
2024-01-28 10:50:34,670 INFO o.a.j.t.JMeterThread: Thread started: Thread Group 1-14
2024-01-28 10:50:34,737 INFO o.a.j.t.JMeterThread: Thread started: Thread Group 1-15
2024-01-28 10:50:35,950 INFO o.a.j.t.JMeterThread: Thread is done: Thread Group 1-3
2024-01-28 10:50:35,951 INFO o.a.j.t.JMeterThread: Thread finished: Thread Group 1-3
2024-01-28 10:50:36,026 INFO o.a.j.t.JMeterThread: Thread is done: Thread Group 1-4
2024-01-28 10:50:36,026 INFO o.a.j.t.JMeterThread: Thread finished: Thread Group 1-4
2024-01-28 10:50:36,088 INFO o.a.j.t.JMeterThread: Thread is done: Thread Group 1-5
2024-01-28 10:50:36,088 INFO o.a.j.t.JMeterThread: Thread finished: Thread Group 1-5
2024-01-28 10:50:36,155 INFO o.a.j.t.JMeterThread: Thread is done: Thread Group 1-6
2024-01-28 10:50:36,155 INFO o.a.j.t.JMeterThread: Thread finished: Thread Group 1-6
2024-01-28 10:50:36,228 INFO o.a.j.t.JMeterThread: Thread is done: Thread Group 1-7
2024-01-28 10:50:36,228 INFO o.a.j.t.JMeterThread: Thread finished: Thread Group 1-7
2024-01-28 10:50:36,290 INFO o.a.j.t.JMeterThread: Thread is done: Thread Group 1-8
2024-01-28 10:50:36,291 INFO o.a.j.t.JMeterThread: Thread finished: Thread Group 1-8
2024-01-28 10:50:36,350 INFO o.a.j.t.JMeterThread: Thread is done: Thread Group 1-9
2024-01-28 10:50:36,350 INFO o.a.j.t.JMeterThread: Thread finished: Thread Group 1-9
2024-01-28 10:50:36,412 INFO o.a.j.t.JMeterThread: Thread is done: Thread Group 1-10
2024-01-28 10:50:36,412 INFO o.a.j.t.JMeterThread: Thread finished: Thread Group 1-10
2024-01-28 10:50:36,489 INFO o.a.j.t.JMeterThread: Thread is done: Thread Group 1-11
2024-01-28 10:50:36,489 INFO o.a.j.t.JMeterThread: Thread finished: Thread Group 1-11
2024-01-28 10:50:36,550 INFO o.a.j.t.JMeterThread: Thread is done: Thread Group 1-12
2024-01-28 10:50:36,550 INFO o.a.j.t.JMeterThread: Thread finished: Thread Group 1-12
2024-01-28 10:50:36,669 INFO o.a.j.t.JMeterThread: Thread is done: Thread Group 1-14
2024-01-28 10:50:36,669 INFO o.a.j.t.JMeterThread: Thread finished: Thread Group 1-14
2024-01-28 10:50:36,672 INFO o.a.j.t.JMeterThread: Thread is done: Thread Group 1-13
2024-01-28 10:50:36,673 INFO o.a.j.t.JMeterThread: Thread finished: Thread Group 1-13
2024-01-28 10:50:36,753 INFO o.a.j.t.JMeterThread: Thread is done: Thread Group 1-15
2024-01-28 10:50:36,753 INFO o.a.j.t.JMeterThread: Thread finished: Thread Group 1-15
2024-01-28 10:50:36,753 INFO o.a.j.e.StandardJMeterEngine: Notifying test listeners of end of test
2024-01-28 10:50:36,754 INFO o.a.j.g.u.JMeterMenuBar: setRunning(false, *local*)
2024-01-28 10:50:46,026 INFO o.a.j.e.StandardJMeterEngine: Running the test!
2024-01-28 10:50:46,026 INFO o.a.j.s.SampleEvent: List of sample_variables: []
2024-01-28 10:50:46,026 INFO o.a.j.g.u.JMeterMenuBar: setRunning(true, *local*)
2024-01-28 10:50:46,051 INFO o.a.j.e.StandardJMeterEngine: Starting ThreadGroup: 1 : Thread Group
2024-01-28 10:50:46,051 INFO o.a.j.e.StandardJMeterEngine: Starting 15 threads for group Thread Group.
2024-01-28 10:50:46,051 INFO o.a.j.e.StandardJMeterEngine: Thread will continue on error
2024-01-28 10:50:46,051 INFO o.a.j.t.ThreadGroup: Starting thread group... number=1 threads=15 ramp-up=1 delayedStart=false
2024-01-28 10:50:46,052 INFO o.a.j.t.JMeterThread: Thread started: Thread Group 1-1
2024-01-28 10:50:46,054 INFO o.a.j.t.ThreadGroup: Started thread group number 1
2024-01-28 10:50:46,055 INFO o.a.j.e.StandardJMeterEngine: All thread groups have been started
2024-01-28 10:50:46,119 INFO o.a.j.t.JMeterThread: Thread is done: Thread Group 1-1
2024-01-28 10:50:46,119 INFO o.a.j.t.JMeterThread: Thread finished: Thread Group 1-1
2024-01-28 10:50:46,120 INFO o.a.j.t.JMeterThread: Thread started: Thread Group 1-2
2024-01-28 10:50:46,180 INFO o.a.j.t.JMeterThread: Thread is done: Thread Group 1-2
2024-01-28 10:50:46,180 INFO o.a.j.t.JMeterThread: Thread finished: Thread Group 1-2
2024-01-28 10:50:46,187 INFO o.a.j.t.JMeterThread: Thread started: Thread Group 1-3
2024-01-28 10:50:46,254 INFO o.a.j.t.JMeterThread: Thread started: Thread Group 1-4
2024-01-28 10:50:46,321 INFO o.a.j.t.JMeterThread: Thread started: Thread Group 1-5
2024-01-28 10:50:46,388 INFO o.a.j.t.JMeterThread: Thread started: Thread Group 1-6
2024-01-28 10:50:46,455 INFO o.a.j.t.JMeterThread: Thread started: Thread Group 1-7
2024-01-28 10:50:46,522 INFO o.a.j.t.JMeterThread: Thread started: Thread Group 1-8
2024-01-28 10:50:46,589 INFO o.a.j.t.JMeterThread: Thread started: Thread Group 1-9
2024-01-28 10:50:46,656 INFO o.a.j.t.JMeterThread: Thread started: Thread Group 1-10
2024-01-28 10:50:46,724 INFO o.a.j.t.JMeterThread: Thread started: Thread Group 1-11
2024-01-28 10:50:46,790 INFO o.a.j.t.JMeterThread: Thread started: Thread Group 1-12
2024-01-28 10:50:46,858 INFO o.a.j.t.JMeterThread: Thread started: Thread Group 1-13
2024-01-28 10:50:46,924 INFO o.a.j.t.JMeterThread: Thread started: Thread Group 1-14
2024-01-28 10:50:46,991 INFO o.a.j.t.JMeterThread: Thread started: Thread Group 1-15
2024-01-28 10:50:48,208 INFO o.a.j.t.JMeterThread: Thread is done: Thread Group 1-3
2024-01-28 10:50:48,208 INFO o.a.j.t.JMeterThread: Thread finished: Thread Group 1-3
2024-01-28 10:50:48,270 INFO o.a.j.t.JMeterThread: Thread is done: Thread Group 1-4
2024-01-28 10:50:48,270 INFO o.a.j.t.JMeterThread: Thread finished: Thread Group 1-4
2024-01-28 10:50:48,330 INFO o.a.j.t.JMeterThread: Thread is done: Thread Group 1-5
2024-01-28 10:50:48,330 INFO o.a.j.t.JMeterThread: Thread finished: Thread Group 1-5
2024-01-28 10:50:48,411 INFO o.a.j.t.JMeterThread: Thread is done: Thread Group 1-6
2024-01-28 10:50:48,411 INFO o.a.j.t.JMeterThread: Thread finished: Thread Group 1-6
2024-01-28 10:50:48,471 INFO o.a.j.t.JMeterThread: Thread is done: Thread Group 1-7
2024-01-28 10:50:48,473 INFO o.a.j.t.JMeterThread: Thread finished: Thread Group 1-7
2024-01-28 10:50:48,534 INFO o.a.j.t.JMeterThread: Thread is done: Thread Group 1-8
2024-01-28 10:50:48,538 INFO o.a.j.t.JMeterThread: Thread finished: Thread Group 1-8
2024-01-28 10:50:48,611 INFO o.a.j.t.JMeterThread: Thread is done: Thread Group 1-9
2024-01-28 10:50:48,611 INFO o.a.j.t.JMeterThread: Thread finished: Thread Group 1-9
2024-01-28 10:50:48,672 INFO o.a.j.t.JMeterThread: Thread is done: Thread Group 1-11
2024-01-28 10:50:48,673 INFO o.a.j.t.JMeterThread: Thread is done: Thread Group 1-10
2024-01-28 10:50:48,673 INFO o.a.j.t.JMeterThread: Thread finished: Thread Group 1-11
2024-01-28 10:50:48,673 INFO o.a.j.t.JMeterThread: Thread finished: Thread Group 1-10
2024-01-28 10:50:48,811 INFO o.a.j.t.JMeterThread: Thread is done: Thread Group 1-12
2024-01-28 10:50:48,813 INFO o.a.j.t.JMeterThread: Thread finished: Thread Group 1-12
2024-01-28 10:50:48,875 INFO o.a.j.t.JMeterThread: Thread is done: Thread Group 1-13
2024-01-28 10:50:48,875 INFO o.a.j.t.JMeterThread: Thread finished: Thread Group 1-13
2024-01-28 10:50:48,952 INFO o.a.j.t.JMeterThread: Thread is done: Thread Group 1-14
2024-01-28 10:50:48,952 INFO o.a.j.t.JMeterThread: Thread finished: Thread Group 1-14
2024-01-28 10:50:49,014 INFO o.a.j.t.JMeterThread: Thread is done: Thread Group 1-15
2024-01-28 10:50:49,014 INFO o.a.j.t.JMeterThread: Thread finished: Thread Group 1-15
2024-01-28 10:50:49,015 INFO o.a.j.e.StandardJMeterEngine: Notifying test listeners of end of test
2024-01-28 10:50:49,015 INFO o.a.j.g.u.JMeterMenuBar: setRunning(false, *local*)
2024-01-28 10:55:23,916 INFO o.a.j.e.StandardJMeterEngine: Running the test!
2024-01-28 10:55:23,916 INFO o.a.j.s.SampleEvent: List of sample_variables: []
2024-01-28 10:55:23,917 INFO o.a.j.g.u.JMeterMenuBar: setRunning(true, *local*)
2024-01-28 10:55:23,946 INFO o.a.j.e.StandardJMeterEngine: Starting ThreadGroup: 1 : Thread Group
2024-01-28 10:55:23,946 INFO o.a.j.e.StandardJMeterEngine: Starting 15 threads for group Thread Group.
2024-01-28 10:55:23,946 INFO o.a.j.e.StandardJMeterEngine: Thread will continue on error
2024-01-28 10:55:23,947 INFO o.a.j.t.ThreadGroup: Starting thread group... number=1 threads=15 ramp-up=1 delayedStart=false
2024-01-28 10:55:23,947 INFO o.a.j.t.JMeterThread: Thread started: Thread Group 1-1
2024-01-28 10:55:23,949 INFO o.a.j.t.ThreadGroup: Started thread group number 1
2024-01-28 10:55:23,949 INFO o.a.j.e.StandardJMeterEngine: All thread groups have been started
2024-01-28 10:55:24,016 INFO o.a.j.t.JMeterThread: Thread started: Thread Group 1-2
2024-01-28 10:55:24,082 INFO o.a.j.t.JMeterThread: Thread started: Thread Group 1-3
2024-01-28 10:55:24,149 INFO o.a.j.t.JMeterThread: Thread started: Thread Group 1-4
2024-01-28 10:55:24,217 INFO o.a.j.t.JMeterThread: Thread started: Thread Group 1-5
2024-01-28 10:55:24,220 INFO o.a.j.t.JMeterThread: Thread is done: Thread Group 1-1
2024-01-28 10:55:24,220 INFO o.a.j.t.JMeterThread: Thread finished: Thread Group 1-1
2024-01-28 10:55:24,221 INFO o.a.j.t.JMeterThread: Thread is done: Thread Group 1-3
2024-01-28 10:55:24,221 INFO o.a.j.t.JMeterThread: Thread finished: Thread Group 1-3
2024-01-28 10:55:24,227 INFO o.a.j.t.JMeterThread: Thread is done: Thread Group 1-5
2024-01-28 10:55:24,227 INFO o.a.j.t.JMeterThread: Thread finished: Thread Group 1-5
2024-01-28 10:55:24,285 INFO o.a.j.t.JMeterThread: Thread started: Thread Group 1-6
2024-01-28 10:55:24,296 INFO o.a.j.t.JMeterThread: Thread is done: Thread Group 1-6
2024-01-28 10:55:24,297 INFO o.a.j.t.JMeterThread: Thread finished: Thread Group 1-6
2024-01-28 10:55:24,352 INFO o.a.j.t.JMeterThread: Thread started: Thread Group 1-7
2024-01-28 10:55:24,365 INFO o.a.j.t.JMeterThread: Thread is done: Thread Group 1-7
2024-01-28 10:55:24,365 INFO o.a.j.t.JMeterThread: Thread finished: Thread Group 1-7
2024-01-28 10:55:24,420 INFO o.a.j.t.JMeterThread: Thread started: Thread Group 1-8
2024-01-28 10:55:24,428 INFO o.a.j.t.JMeterThread: Thread is done: Thread Group 1-8
2024-01-28 10:55:24,428 INFO o.a.j.t.JMeterThread: Thread finished: Thread Group 1-8
2024-01-28 10:55:24,485 INFO o.a.j.t.JMeterThread: Thread started: Thread Group 1-9
2024-01-28 10:55:24,497 INFO o.a.j.t.JMeterThread: Thread is done: Thread Group 1-9
2024-01-28 10:55:24,497 INFO o.a.j.t.JMeterThread: Thread finished: Thread Group 1-9
2024-01-28 10:55:24,553 INFO o.a.j.t.JMeterThread: Thread started: Thread Group 1-10
2024-01-28 10:55:24,563 INFO o.a.j.t.JMeterThread: Thread is done: Thread Group 1-10
2024-01-28 10:55:24,564 INFO o.a.j.t.JMeterThread: Thread finished: Thread Group 1-10
2024-01-28 10:55:24,619 INFO o.a.j.t.JMeterThread: Thread started: Thread Group 1-11
2024-01-28 10:55:24,631 INFO o.a.j.t.JMeterThread: Thread is done: Thread Group 1-11
2024-01-28 10:55:24,631 INFO o.a.j.t.JMeterThread: Thread finished: Thread Group 1-11
2024-01-28 10:55:24,662 INFO o.a.j.t.JMeterThread: Thread is done: Thread Group 1-2
2024-01-28 10:55:24,662 INFO o.a.j.t.JMeterThread: Thread is done: Thread Group 1-4
2024-01-28 10:55:24,662 INFO o.a.j.t.JMeterThread: Thread finished: Thread Group 1-2
2024-01-28 10:55:24,662 INFO o.a.j.t.JMeterThread: Thread finished: Thread Group 1-4
2024-01-28 10:55:24,688 INFO o.a.j.t.JMeterThread: Thread started: Thread Group 1-12
2024-01-28 10:55:24,695 INFO o.a.j.t.JMeterThread: Thread is done: Thread Group 1-12
2024-01-28 10:55:24,696 INFO o.a.j.t.JMeterThread: Thread finished: Thread Group 1-12
2024-01-28 10:55:24,754 INFO o.a.j.t.JMeterThread: Thread started: Thread Group 1-13
2024-01-28 10:55:24,761 INFO o.a.j.t.JMeterThread: Thread is done: Thread Group 1-13
2024-01-28 10:55:24,762 INFO o.a.j.t.JMeterThread: Thread finished: Thread Group 1-13
2024-01-28 10:55:24,820 INFO o.a.j.t.JMeterThread: Thread started: Thread Group 1-14
2024-01-28 10:55:24,829 INFO o.a.j.t.JMeterThread: Thread is done: Thread Group 1-14
2024-01-28 10:55:24,829 INFO o.a.j.t.JMeterThread: Thread finished: Thread Group 1-14
2024-01-28 10:55:24,887 INFO o.a.j.t.JMeterThread: Thread started: Thread Group 1-15
2024-01-28 10:55:24,896 INFO o.a.j.t.JMeterThread: Thread is done: Thread Group 1-15
2024-01-28 10:55:24,896 INFO o.a.j.t.JMeterThread: Thread finished: Thread Group 1-15
2024-01-28 10:55:24,896 INFO o.a.j.e.StandardJMeterEngine: Notifying test listeners of end of test
2024-01-28 10:55:24,897 INFO o.a.j.g.u.JMeterMenuBar: setRunning(false, *local*)
2024-01-28 10:55:32,416 INFO o.a.j.e.StandardJMeterEngine: Running the test!
2024-01-28 10:55:32,416 INFO o.a.j.s.SampleEvent: List of sample_variables: []
2024-01-28 10:55:32,417 INFO o.a.j.g.u.JMeterMenuBar: setRunning(true, *local*)
2024-01-28 10:55:32,447 INFO o.a.j.e.StandardJMeterEngine: Starting ThreadGroup: 1 : Thread Group
2024-01-28 10:55:32,447 INFO o.a.j.e.StandardJMeterEngine: Starting 15 threads for group Thread Group.
2024-01-28 10:55:32,447 INFO o.a.j.e.StandardJMeterEngine: Thread will continue on error
2024-01-28 10:55:32,447 INFO o.a.j.t.ThreadGroup: Starting thread group... number=1 threads=15 ramp-up=1 delayedStart=false
2024-01-28 10:55:32,449 INFO o.a.j.t.JMeterThread: Thread started: Thread Group 1-1
2024-01-28 10:55:32,450 INFO o.a.j.t.ThreadGroup: Started thread group number 1
2024-01-28 10:55:32,450 INFO o.a.j.e.StandardJMeterEngine: All thread groups have been started
2024-01-28 10:55:32,511 INFO o.a.j.t.JMeterThread: Thread is done: Thread Group 1-1
2024-01-28 10:55:32,512 INFO o.a.j.t.JMeterThread: Thread finished: Thread Group 1-1
2024-01-28 10:55:32,515 INFO o.a.j.t.JMeterThread: Thread started: Thread Group 1-2
2024-01-28 10:55:32,581 INFO o.a.j.t.JMeterThread: Thread is done: Thread Group 1-2
2024-01-28 10:55:32,581 INFO o.a.j.t.JMeterThread: Thread finished: Thread Group 1-2
2024-01-28 10:55:32,582 INFO o.a.j.t.JMeterThread: Thread started: Thread Group 1-3
2024-01-28 10:55:32,587 INFO o.a.j.t.JMeterThread: Thread is done: Thread Group 1-3
2024-01-28 10:55:32,587 INFO o.a.j.t.JMeterThread: Thread finished: Thread Group 1-3
2024-01-28 10:55:32,649 INFO o.a.j.t.JMeterThread: Thread started: Thread Group 1-4
2024-01-28 10:55:32,662 INFO o.a.j.t.JMeterThread: Thread is done: Thread Group 1-4
2024-01-28 10:55:32,662 INFO o.a.j.t.JMeterThread: Thread finished: Thread Group 1-4
2024-01-28 10:55:32,718 INFO o.a.j.t.JMeterThread: Thread started: Thread Group 1-5
2024-01-28 10:55:32,726 INFO o.a.j.t.JMeterThread: Thread is done: Thread Group 1-5
2024-01-28 10:55:32,726 INFO o.a.j.t.JMeterThread: Thread finished: Thread Group 1-5
2024-01-28 10:55:32,784 INFO o.a.j.t.JMeterThread: Thread started: Thread Group 1-6
2024-01-28 10:55:32,796 INFO o.a.j.t.JMeterThread: Thread is done: Thread Group 1-6
2024-01-28 10:55:32,796 INFO o.a.j.t.JMeterThread: Thread finished: Thread Group 1-6
2024-01-28 10:55:32,850 INFO o.a.j.t.JMeterThread: Thread started: Thread Group 1-7
2024-01-28 10:55:32,859 INFO o.a.j.t.JMeterThread: Thread is done: Thread Group 1-7
2024-01-28 10:55:32,859 INFO o.a.j.t.JMeterThread: Thread finished: Thread Group 1-7
2024-01-28 10:55:32,917 INFO o.a.j.t.JMeterThread: Thread started: Thread Group 1-8
2024-01-28 10:55:32,927 INFO o.a.j.t.JMeterThread: Thread is done: Thread Group 1-8
2024-01-28 10:55:32,927 INFO o.a.j.t.JMeterThread: Thread finished: Thread Group 1-8
2024-01-28 10:55:32,985 INFO o.a.j.t.JMeterThread: Thread started: Thread Group 1-9
2024-01-28 10:55:32,994 INFO o.a.j.t.JMeterThread: Thread is done: Thread Group 1-9
2024-01-28 10:55:32,994 INFO o.a.j.t.JMeterThread: Thread finished: Thread Group 1-9
2024-01-28 10:55:33,050 INFO o.a.j.t.JMeterThread: Thread started: Thread Group 1-10
2024-01-28 10:55:33,061 INFO o.a.j.t.JMeterThread: Thread is done: Thread Group 1-10
2024-01-28 10:55:33,062 INFO o.a.j.t.JMeterThread: Thread finished: Thread Group 1-10
2024-01-28 10:55:33,118 INFO o.a.j.t.JMeterThread: Thread started: Thread Group 1-11
2024-01-28 10:55:33,127 INFO o.a.j.t.JMeterThread: Thread is done: Thread Group 1-11
2024-01-28 10:55:33,127 INFO o.a.j.t.JMeterThread: Thread finished: Thread Group 1-11
2024-01-28 10:55:33,185 INFO o.a.j.t.JMeterThread: Thread started: Thread Group 1-12
2024-01-28 10:55:33,194 INFO o.a.j.t.JMeterThread: Thread is done: Thread Group 1-12
2024-01-28 10:55:33,195 INFO o.a.j.t.JMeterThread: Thread finished: Thread Group 1-12
2024-01-28 10:55:33,252 INFO o.a.j.t.JMeterThread: Thread started: Thread Group 1-13
2024-01-28 10:55:33,263 INFO o.a.j.t.JMeterThread: Thread is done: Thread Group 1-13
2024-01-28 10:55:33,263 INFO o.a.j.t.JMeterThread: Thread finished: Thread Group 1-13
2024-01-28 10:55:33,319 INFO o.a.j.t.JMeterThread: Thread started: Thread Group 1-14
2024-01-28 10:55:33,325 INFO o.a.j.t.JMeterThread: Thread is done: Thread Group 1-14
2024-01-28 10:55:33,325 INFO o.a.j.t.JMeterThread: Thread finished: Thread Group 1-14
2024-01-28 10:55:33,386 INFO o.a.j.t.JMeterThread: Thread started: Thread Group 1-15
2024-01-28 10:55:33,391 INFO o.a.j.t.JMeterThread: Thread is done: Thread Group 1-15
2024-01-28 10:55:33,391 INFO o.a.j.t.JMeterThread: Thread finished: Thread Group 1-15
2024-01-28 10:55:33,392 INFO o.a.j.e.StandardJMeterEngine: Notifying test listeners of end of test
2024-01-28 10:55:33,392 INFO o.a.j.g.u.JMeterMenuBar: setRunning(false, *local*)
2024-01-28 10:57:43,912 INFO o.a.j.e.StandardJMeterEngine: Running the test!
2024-01-28 10:57:43,912 INFO o.a.j.s.SampleEvent: List of sample_variables: []
2024-01-28 10:57:43,913 INFO o.a.j.g.u.JMeterMenuBar: setRunning(true, *local*)
2024-01-28 10:57:43,918 INFO o.a.j.e.StandardJMeterEngine: Starting ThreadGroup: 1 : Thread Group
2024-01-28 10:57:43,918 INFO o.a.j.e.StandardJMeterEngine: Starting 15 threads for group Thread Group.
2024-01-28 10:57:43,918 INFO o.a.j.e.StandardJMeterEngine: Thread will continue on error
2024-01-28 10:57:43,918 INFO o.a.j.t.ThreadGroup: Starting thread group... number=1 threads=15 ramp-up=1 delayedStart=false
2024-01-28 10:57:43,919 INFO o.a.j.t.JMeterThread: Thread started: Thread Group 1-1
2024-01-28 10:57:43,922 INFO o.a.j.t.ThreadGroup: Started thread group number 1
2024-01-28 10:57:43,922 INFO o.a.j.e.StandardJMeterEngine: All thread groups have been started
2024-01-28 10:57:43,988 INFO o.a.j.t.JMeterThread: Thread started: Thread Group 1-2
2024-01-28 10:57:44,054 INFO o.a.j.t.JMeterThread: Thread started: Thread Group 1-3
2024-01-28 10:57:44,121 INFO o.a.j.t.JMeterThread: Thread started: Thread Group 1-4
2024-01-28 10:57:44,188 INFO o.a.j.t.JMeterThread: Thread started: Thread Group 1-5
2024-01-28 10:57:44,192 INFO o.a.j.t.JMeterThread: Thread is done: Thread Group 1-2
2024-01-28 10:57:44,192 INFO o.a.j.t.JMeterThread: Thread is done: Thread Group 1-1
2024-01-28 10:57:44,192 INFO o.a.j.t.JMeterThread: Thread finished: Thread Group 1-2
2024-01-28 10:57:44,192 INFO o.a.j.t.JMeterThread: Thread finished: Thread Group 1-1
2024-01-28 10:57:44,199 INFO o.a.j.t.JMeterThread: Thread is done: Thread Group 1-5
2024-01-28 10:57:44,199 INFO o.a.j.t.JMeterThread: Thread finished: Thread Group 1-5
2024-01-28 10:57:44,256 INFO o.a.j.t.JMeterThread: Thread started: Thread Group 1-6
2024-01-28 10:57:44,267 INFO o.a.j.t.JMeterThread: Thread is done: Thread Group 1-6
2024-01-28 10:57:44,267 INFO o.a.j.t.JMeterThread: Thread finished: Thread Group 1-6
2024-01-28 10:57:44,322 INFO o.a.j.t.JMeterThread: Thread started: Thread Group 1-7
2024-01-28 10:57:44,334 INFO o.a.j.t.JMeterThread: Thread is done: Thread Group 1-7
2024-01-28 10:57:44,334 INFO o.a.j.t.JMeterThread: Thread finished: Thread Group 1-7
2024-01-28 10:57:44,389 INFO o.a.j.t.JMeterThread: Thread started: Thread Group 1-8
2024-01-28 10:57:44,399 INFO o.a.j.t.JMeterThread: Thread is done: Thread Group 1-8
2024-01-28 10:57:44,399 INFO o.a.j.t.JMeterThread: Thread finished: Thread Group 1-8
2024-01-28 10:57:44,455 INFO o.a.j.t.JMeterThread: Thread started: Thread Group 1-9
2024-01-28 10:57:44,467 INFO o.a.j.t.JMeterThread: Thread is done: Thread Group 1-9
2024-01-28 10:57:44,468 INFO o.a.j.t.JMeterThread: Thread finished: Thread Group 1-9
2024-01-28 10:57:44,523 INFO o.a.j.t.JMeterThread: Thread started: Thread Group 1-10
2024-01-28 10:57:44,533 INFO o.a.j.t.JMeterThread: Thread is done: Thread Group 1-10
2024-01-28 10:57:44,533 INFO o.a.j.t.JMeterThread: Thread finished: Thread Group 1-10
2024-01-28 10:57:44,590 INFO o.a.j.t.JMeterThread: Thread started: Thread Group 1-11
2024-01-28 10:57:44,601 INFO o.a.j.t.JMeterThread: Thread is done: Thread Group 1-11
2024-01-28 10:57:44,601 INFO o.a.j.t.JMeterThread: Thread finished: Thread Group 1-11
2024-01-28 10:57:44,619 INFO o.a.j.t.JMeterThread: Thread is done: Thread Group 1-3
2024-01-28 10:57:44,619 INFO o.a.j.t.JMeterThread: Thread is done: Thread Group 1-4
2024-01-28 10:57:44,620 INFO o.a.j.t.JMeterThread: Thread finished: Thread Group 1-3
2024-01-28 10:57:44,620 INFO o.a.j.t.JMeterThread: Thread finished: Thread Group 1-4
2024-01-28 10:57:44,657 INFO o.a.j.t.JMeterThread: Thread started: Thread Group 1-12
2024-01-28 10:57:44,666 INFO o.a.j.t.JMeterThread: Thread is done: Thread Group 1-12
2024-01-28 10:57:44,666 INFO o.a.j.t.JMeterThread: Thread finished: Thread Group 1-12
2024-01-28 10:57:44,724 INFO o.a.j.t.JMeterThread: Thread started: Thread Group 1-13
2024-01-28 10:57:44,731 INFO o.a.j.t.JMeterThread: Thread is done: Thread Group 1-13
2024-01-28 10:57:44,731 INFO o.a.j.t.JMeterThread: Thread finished: Thread Group 1-13
2024-01-28 10:57:44,792 INFO o.a.j.t.JMeterThread: Thread started: Thread Group 1-14
2024-01-28 10:57:44,799 INFO o.a.j.t.JMeterThread: Thread is done: Thread Group 1-14
2024-01-28 10:57:44,800 INFO o.a.j.t.JMeterThread: Thread finished: Thread Group 1-14
2024-01-28 10:57:44,859 INFO o.a.j.t.JMeterThread: Thread started: Thread Group 1-15
2024-01-28 10:57:44,866 INFO o.a.j.t.JMeterThread: Thread is done: Thread Group 1-15
2024-01-28 10:57:44,866 INFO o.a.j.t.JMeterThread: Thread finished: Thread Group 1-15
2024-01-28 10:57:44,867 INFO o.a.j.e.StandardJMeterEngine: Notifying test listeners of end of test
2024-01-28 10:57:44,867 INFO o.a.j.g.u.JMeterMenuBar: setRunning(false, *local*)
2024-01-28 10:58:05,354 INFO o.a.j.e.StandardJMeterEngine: Running the test!
2024-01-28 10:58:05,355 INFO o.a.j.s.SampleEvent: List of sample_variables: []
2024-01-28 10:58:05,355 INFO o.a.j.g.u.JMeterMenuBar: setRunning(true, *local*)
2024-01-28 10:58:05,388 INFO o.a.j.e.StandardJMeterEngine: Starting ThreadGroup: 1 : Thread Group
2024-01-28 10:58:05,389 INFO o.a.j.e.StandardJMeterEngine: Starting 15 threads for group Thread Group.
2024-01-28 10:58:05,389 INFO o.a.j.e.StandardJMeterEngine: Thread will continue on error
2024-01-28 10:58:05,389 INFO o.a.j.t.ThreadGroup: Starting thread group... number=1 threads=15 ramp-up=1 delayedStart=false
2024-01-28 10:58:05,390 INFO o.a.j.t.JMeterThread: Thread started: Thread Group 1-1
2024-01-28 10:58:05,392 INFO o.a.j.t.ThreadGroup: Started thread group number 1
2024-01-28 10:58:05,392 INFO o.a.j.e.StandardJMeterEngine: All thread groups have been started
2024-01-28 10:58:05,449 INFO o.a.j.t.JMeterThread: Thread is done: Thread Group 1-1
2024-01-28 10:58:05,449 INFO o.a.j.t.JMeterThread: Thread finished: Thread Group 1-1
2024-01-28 10:58:05,458 INFO o.a.j.t.JMeterThread: Thread started: Thread Group 1-2
2024-01-28 10:58:05,521 INFO o.a.j.t.JMeterThread: Thread is done: Thread Group 1-2
2024-01-28 10:58:05,521 INFO o.a.j.t.JMeterThread: Thread finished: Thread Group 1-2
2024-01-28 10:58:05,525 INFO o.a.j.t.JMeterThread: Thread started: Thread Group 1-3
2024-01-28 10:58:05,531 INFO o.a.j.t.JMeterThread: Thread is done: Thread Group 1-3
2024-01-28 10:58:05,531 INFO o.a.j.t.JMeterThread: Thread finished: Thread Group 1-3
2024-01-28 10:58:05,592 INFO o.a.j.t.JMeterThread: Thread started: Thread Group 1-4
2024-01-28 10:58:05,602 INFO o.a.j.t.JMeterThread: Thread is done: Thread Group 1-4
2024-01-28 10:58:05,602 INFO o.a.j.t.JMeterThread: Thread finished: Thread Group 1-4
2024-01-28 10:58:05,659 INFO o.a.j.t.JMeterThread: Thread started: Thread Group 1-5
2024-01-28 10:58:05,667 INFO o.a.j.t.JMeterThread: Thread is done: Thread Group 1-5
2024-01-28 10:58:05,667 INFO o.a.j.t.JMeterThread: Thread finished: Thread Group 1-5
2024-01-28 10:58:05,726 INFO o.a.j.t.JMeterThread: Thread started: Thread Group 1-6
2024-01-28 10:58:05,734 INFO o.a.j.t.JMeterThread: Thread is done: Thread Group 1-6
2024-01-28 10:58:05,734 INFO o.a.j.t.JMeterThread: Thread finished: Thread Group 1-6
2024-01-28 10:58:05,793 INFO o.a.j.t.JMeterThread: Thread started: Thread Group 1-7
2024-01-28 10:58:05,804 INFO o.a.j.t.JMeterThread: Thread is done: Thread Group 1-7
2024-01-28 10:58:05,805 INFO o.a.j.t.JMeterThread: Thread finished: Thread Group 1-7
2024-01-28 10:58:05,859 INFO o.a.j.t.JMeterThread: Thread started: Thread Group 1-8
2024-01-28 10:58:05,866 INFO o.a.j.t.JMeterThread: Thread is done: Thread Group 1-8
2024-01-28 10:58:05,866 INFO o.a.j.t.JMeterThread: Thread finished: Thread Group 1-8
2024-01-28 10:58:05,927 INFO o.a.j.t.JMeterThread: Thread started: Thread Group 1-9
2024-01-28 10:58:05,938 INFO o.a.j.t.JMeterThread: Thread is done: Thread Group 1-9
2024-01-28 10:58:05,938 INFO o.a.j.t.JMeterThread: Thread finished: Thread Group 1-9
2024-01-28 10:58:05,995 INFO o.a.j.t.JMeterThread: Thread started: Thread Group 1-10
2024-01-28 10:58:06,004 INFO o.a.j.t.JMeterThread: Thread is done: Thread Group 1-10
2024-01-28 10:58:06,004 INFO o.a.j.t.JMeterThread: Thread finished: Thread Group 1-10
2024-01-28 10:58:06,061 INFO o.a.j.t.JMeterThread: Thread started: Thread Group 1-11
2024-01-28 10:58:06,071 INFO o.a.j.t.JMeterThread: Thread is done: Thread Group 1-11
2024-01-28 10:58:06,071 INFO o.a.j.t.JMeterThread: Thread finished: Thread Group 1-11
2024-01-28 10:58:06,128 INFO o.a.j.t.JMeterThread: Thread started: Thread Group 1-12
2024-01-28 10:58:06,136 INFO o.a.j.t.JMeterThread: Thread is done: Thread Group 1-12
2024-01-28 10:58:06,137 INFO o.a.j.t.JMeterThread: Thread finished: Thread Group 1-12
2024-01-28 10:58:06,196 INFO o.a.j.t.JMeterThread: Thread started: Thread Group 1-13
2024-01-28 10:58:06,205 INFO o.a.j.t.JMeterThread: Thread is done: Thread Group 1-13
2024-01-28 10:58:06,205 INFO o.a.j.t.JMeterThread: Thread finished: Thread Group 1-13
2024-01-28 10:58:06,263 INFO o.a.j.t.JMeterThread: Thread started: Thread Group 1-14
2024-01-28 10:58:06,272 INFO o.a.j.t.JMeterThread: Thread is done: Thread Group 1-14
2024-01-28 10:58:06,272 INFO o.a.j.t.JMeterThread: Thread finished: Thread Group 1-14
2024-01-28 10:58:06,330 INFO o.a.j.t.JMeterThread: Thread started: Thread Group 1-15
2024-01-28 10:58:06,340 INFO o.a.j.t.JMeterThread: Thread is done: Thread Group 1-15
2024-01-28 10:58:06,340 INFO o.a.j.t.JMeterThread: Thread finished: Thread Group 1-15
2024-01-28 10:58:06,340 INFO o.a.j.e.StandardJMeterEngine: Notifying test listeners of end of test
2024-01-28 10:58:06,341 INFO o.a.j.g.u.JMeterMenuBar: setRunning(false, *local*)
2024-01-28 10:58:56,870 INFO o.a.j.e.StandardJMeterEngine: Running the test!
2024-01-28 10:58:56,871 INFO o.a.j.s.SampleEvent: List of sample_variables: []
2024-01-28 10:58:56,871 INFO o.a.j.g.u.JMeterMenuBar: setRunning(true, *local*)
2024-01-28 10:58:56,873 INFO o.a.j.e.StandardJMeterEngine: Starting ThreadGroup: 1 : Thread Group
2024-01-28 10:58:56,873 INFO o.a.j.e.StandardJMeterEngine: Starting 15 threads for group Thread Group.
2024-01-28 10:58:56,873 INFO o.a.j.e.StandardJMeterEngine: Thread will continue on error
2024-01-28 10:58:56,873 INFO o.a.j.t.ThreadGroup: Starting thread group... number=1 threads=15 ramp-up=1 delayedStart=false
2024-01-28 10:58:56,874 INFO o.a.j.t.JMeterThread: Thread started: Thread Group 1-1
2024-01-28 10:58:56,877 INFO o.a.j.t.ThreadGroup: Started thread group number 1
2024-01-28 10:58:56,878 INFO o.a.j.e.StandardJMeterEngine: All thread groups have been started
2024-01-28 10:58:56,952 INFO o.a.j.t.JMeterThread: Thread started: Thread Group 1-2
2024-01-28 10:58:57,013 INFO o.a.j.t.JMeterThread: Thread started: Thread Group 1-3
2024-01-28 10:58:57,089 INFO o.a.j.t.JMeterThread: Thread started: Thread Group 1-4
2024-01-28 10:58:57,151 INFO o.a.j.t.JMeterThread: Thread started: Thread Group 1-5
2024-01-28 10:58:57,212 INFO o.a.j.t.JMeterThread: Thread started: Thread Group 1-6
2024-01-28 10:58:57,290 INFO o.a.j.t.JMeterThread: Thread started: Thread Group 1-7
2024-01-28 10:58:57,352 INFO o.a.j.t.JMeterThread: Thread started: Thread Group 1-8
2024-01-28 10:58:57,415 INFO o.a.j.t.JMeterThread: Thread started: Thread Group 1-9
2024-01-28 10:58:57,492 INFO o.a.j.t.JMeterThread: Thread started: Thread Group 1-10
2024-01-28 10:58:57,555 INFO o.a.j.t.JMeterThread: Thread started: Thread Group 1-11
2024-01-28 10:58:57,601 INFO o.a.j.t.JMeterThread: Thread is done: Thread Group 1-4
2024-01-28 10:58:57,601 INFO o.a.j.t.JMeterThread: Thread is done: Thread Group 1-3
2024-01-28 10:58:57,601 INFO o.a.j.t.JMeterThread: Thread finished: Thread Group 1-4
2024-01-28 10:58:57,601 INFO o.a.j.t.JMeterThread: Thread finished: Thread Group 1-3
2024-01-28 10:58:57,617 INFO o.a.j.t.JMeterThread: Thread started: Thread Group 1-12
2024-01-28 10:58:57,678 INFO o.a.j.t.JMeterThread: Thread started: Thread Group 1-13
2024-01-28 10:58:57,755 INFO o.a.j.t.JMeterThread: Thread started: Thread Group 1-14
2024-01-28 10:58:57,817 INFO o.a.j.t.JMeterThread: Thread started: Thread Group 1-15
2024-01-28 10:58:59,125 INFO o.a.j.t.JMeterThread: Thread is done: Thread Group 1-1
2024-01-28 10:58:59,125 INFO o.a.j.t.JMeterThread: Thread finished: Thread Group 1-1
2024-01-28 10:58:59,138 INFO o.a.j.t.JMeterThread: Thread is done: Thread Group 1-2
2024-01-28 10:58:59,139 INFO o.a.j.t.JMeterThread: Thread finished: Thread Group 1-2
2024-01-28 10:58:59,169 INFO o.a.j.t.JMeterThread: Thread is done: Thread Group 1-5
2024-01-28 10:58:59,169 INFO o.a.j.t.JMeterThread: Thread finished: Thread Group 1-5
2024-01-28 10:58:59,232 INFO o.a.j.t.JMeterThread: Thread is done: Thread Group 1-6
2024-01-28 10:58:59,232 INFO o.a.j.t.JMeterThread: Thread finished: Thread Group 1-6
2024-01-28 10:58:59,308 INFO o.a.j.t.JMeterThread: Thread is done: Thread Group 1-7
2024-01-28 10:58:59,308 INFO o.a.j.t.JMeterThread: Thread finished: Thread Group 1-7
2024-01-28 10:58:59,370 INFO o.a.j.t.JMeterThread: Thread is done: Thread Group 1-8
2024-01-28 10:58:59,370 INFO o.a.j.t.JMeterThread: Thread finished: Thread Group 1-8
2024-01-28 10:58:59,432 INFO o.a.j.t.JMeterThread: Thread is done: Thread Group 1-9
2024-01-28 10:58:59,433 INFO o.a.j.t.JMeterThread: Thread finished: Thread Group 1-9
2024-01-28 10:58:59,508 INFO o.a.j.t.JMeterThread: Thread is done: Thread Group 1-10
2024-01-28 10:58:59,509 INFO o.a.j.t.JMeterThread: Thread finished: Thread Group 1-10
2024-01-28 10:58:59,570 INFO o.a.j.t.JMeterThread: Thread is done: Thread Group 1-11
2024-01-28 10:58:59,570 INFO o.a.j.t.JMeterThread: Thread finished: Thread Group 1-11
2024-01-28 10:58:59,632 INFO o.a.j.t.JMeterThread: Thread is done: Thread Group 1-12
2024-01-28 10:58:59,632 INFO o.a.j.t.JMeterThread: Thread finished: Thread Group 1-12
2024-01-28 10:58:59,694 INFO o.a.j.t.JMeterThread: Thread is done: Thread Group 1-13
2024-01-28 10:58:59,694 INFO o.a.j.t.JMeterThread: Thread finished: Thread Group 1-13
2024-01-28 10:58:59,771 INFO o.a.j.t.JMeterThread: Thread is done: Thread Group 1-14
2024-01-28 10:58:59,771 INFO o.a.j.t.JMeterThread: Thread finished: Thread Group 1-14
2024-01-28 10:58:59,834 INFO o.a.j.t.JMeterThread: Thread is done: Thread Group 1-15
2024-01-28 10:58:59,834 INFO o.a.j.t.JMeterThread: Thread finished: Thread Group 1-15
2024-01-28 10:58:59,835 INFO o.a.j.e.StandardJMeterEngine: Notifying test listeners of end of test
2024-01-28 10:58:59,836 INFO o.a.j.g.u.JMeterMenuBar: setRunning(false, *local*)
2024-01-28 10:59:34,699 INFO o.a.j.e.StandardJMeterEngine: Running the test!
2024-01-28 10:59:34,700 INFO o.a.j.s.SampleEvent: List of sample_variables: []
2024-01-28 10:59:34,700 INFO o.a.j.g.u.JMeterMenuBar: setRunning(true, *local*)
2024-01-28 10:59:34,727 INFO o.a.j.e.StandardJMeterEngine: Starting ThreadGroup: 1 : Thread Group
2024-01-28 10:59:34,727 INFO o.a.j.e.StandardJMeterEngine: Starting 15 threads for group Thread Group.
2024-01-28 10:59:34,727 INFO o.a.j.e.StandardJMeterEngine: Thread will continue on error
2024-01-28 10:59:34,727 INFO o.a.j.t.ThreadGroup: Starting thread group... number=1 threads=15 ramp-up=1 delayedStart=false
2024-01-28 10:59:34,728 INFO o.a.j.t.JMeterThread: Thread started: Thread Group 1-1
2024-01-28 10:59:34,731 INFO o.a.j.t.ThreadGroup: Started thread group number 1
2024-01-28 10:59:34,731 INFO o.a.j.e.StandardJMeterEngine: All thread groups have been started
2024-01-28 10:59:34,735 INFO o.a.j.t.JMeterThread: Thread is done: Thread Group 1-1
2024-01-28 10:59:34,735 INFO o.a.j.t.JMeterThread: Thread finished: Thread Group 1-1
2024-01-28 10:59:34,803 INFO o.a.j.t.JMeterThread: Thread started: Thread Group 1-2
2024-01-28 10:59:34,805 INFO o.a.j.t.JMeterThread: Thread is done: Thread Group 1-2
2024-01-28 10:59:34,805 INFO o.a.j.t.JMeterThread: Thread finished: Thread Group 1-2
2024-01-28 10:59:34,865 INFO o.a.j.t.JMeterThread: Thread started: Thread Group 1-3
2024-01-28 10:59:34,868 INFO o.a.j.t.JMeterThread: Thread is done: Thread Group 1-3
2024-01-28 10:59:34,868 INFO o.a.j.t.JMeterThread: Thread finished: Thread Group 1-3
2024-01-28 10:59:34,943 INFO o.a.j.t.JMeterThread: Thread started: Thread Group 1-4
2024-01-28 10:59:34,947 INFO o.a.j.t.JMeterThread: Thread is done: Thread Group 1-4
2024-01-28 10:59:34,947 INFO o.a.j.t.JMeterThread: Thread finished: Thread Group 1-4
2024-01-28 10:59:35,004 INFO o.a.j.t.JMeterThread: Thread started: Thread Group 1-5
2024-01-28 10:59:35,006 INFO o.a.j.t.JMeterThread: Thread is done: Thread Group 1-5
2024-01-28 10:59:35,007 INFO o.a.j.t.JMeterThread: Thread finished: Thread Group 1-5
2024-01-28 10:59:35,066 INFO o.a.j.t.JMeterThread: Thread started: Thread Group 1-6
2024-01-28 10:59:35,069 INFO o.a.j.t.JMeterThread: Thread is done: Thread Group 1-6
2024-01-28 10:59:35,069 INFO o.a.j.t.JMeterThread: Thread finished: Thread Group 1-6
2024-01-28 10:59:35,145 INFO o.a.j.t.JMeterThread: Thread started: Thread Group 1-7
2024-01-28 10:59:35,147 INFO o.a.j.t.JMeterThread: Thread is done: Thread Group 1-7
2024-01-28 10:59:35,147 INFO o.a.j.t.JMeterThread: Thread finished: Thread Group 1-7
2024-01-28 10:59:35,206 INFO o.a.j.t.JMeterThread: Thread started: Thread Group 1-8
2024-01-28 10:59:35,210 INFO o.a.j.t.JMeterThread: Thread is done: Thread Group 1-8
2024-01-28 10:59:35,210 INFO o.a.j.t.JMeterThread: Thread finished: Thread Group 1-8
2024-01-28 10:59:35,269 INFO o.a.j.t.JMeterThread: Thread started: Thread Group 1-9
2024-01-28 10:59:35,271 INFO o.a.j.t.JMeterThread: Thread is done: Thread Group 1-9
2024-01-28 10:59:35,271 INFO o.a.j.t.JMeterThread: Thread finished: Thread Group 1-9
2024-01-28 10:59:35,331 INFO o.a.j.t.JMeterThread: Thread started: Thread Group 1-10
2024-01-28 10:59:35,332 INFO o.a.j.t.JMeterThread: Thread is done: Thread Group 1-10
2024-01-28 10:59:35,334 INFO o.a.j.t.JMeterThread: Thread finished: Thread Group 1-10
2024-01-28 10:59:35,409 INFO o.a.j.t.JMeterThread: Thread started: Thread Group 1-11
2024-01-28 10:59:35,412 INFO o.a.j.t.JMeterThread: Thread is done: Thread Group 1-11
2024-01-28 10:59:35,412 INFO o.a.j.t.JMeterThread: Thread finished: Thread Group 1-11
2024-01-28 10:59:35,473 INFO o.a.j.t.JMeterThread: Thread started: Thread Group 1-12
2024-01-28 10:59:35,475 INFO o.a.j.t.JMeterThread: Thread is done: Thread Group 1-12
2024-01-28 10:59:35,475 INFO o.a.j.t.JMeterThread: Thread finished: Thread Group 1-12
2024-01-28 10:59:35,536 INFO o.a.j.t.JMeterThread: Thread started: Thread Group 1-13
2024-01-28 10:59:35,538 INFO o.a.j.t.JMeterThread: Thread is done: Thread Group 1-13
2024-01-28 10:59:35,538 INFO o.a.j.t.JMeterThread: Thread finished: Thread Group 1-13
2024-01-28 10:59:35,614 INFO o.a.j.t.JMeterThread: Thread started: Thread Group 1-14
2024-01-28 10:59:35,616 INFO o.a.j.t.JMeterThread: Thread is done: Thread Group 1-14
2024-01-28 10:59:35,616 INFO o.a.j.t.JMeterThread: Thread finished: Thread Group 1-14
2024-01-28 10:59:35,675 INFO o.a.j.t.JMeterThread: Thread started: Thread Group 1-15
2024-01-28 10:59:35,678 INFO o.a.j.t.JMeterThread: Thread is done: Thread Group 1-15
2024-01-28 10:59:35,678 INFO o.a.j.t.JMeterThread: Thread finished: Thread Group 1-15
2024-01-28 10:59:35,678 INFO o.a.j.e.StandardJMeterEngine: Notifying test listeners of end of test
2024-01-28 10:59:35,678 INFO o.a.j.g.u.JMeterMenuBar: setRunning(false, *local*)
2024-01-28 10:59:40,619 INFO o.a.j.e.StandardJMeterEngine: Running the test!
2024-01-28 10:59:40,620 INFO o.a.j.s.SampleEvent: List of sample_variables: []
2024-01-28 10:59:40,620 INFO o.a.j.g.u.JMeterMenuBar: setRunning(true, *local*)
2024-01-28 10:59:40,647 INFO o.a.j.e.StandardJMeterEngine: Starting ThreadGroup: 1 : Thread Group
2024-01-28 10:59:40,648 INFO o.a.j.e.StandardJMeterEngine: Starting 15 threads for group Thread Group.
2024-01-28 10:59:40,648 INFO o.a.j.e.StandardJMeterEngine: Thread will continue on error
2024-01-28 10:59:40,648 INFO o.a.j.t.ThreadGroup: Starting thread group... number=1 threads=15 ramp-up=1 delayedStart=false
2024-01-28 10:59:40,648 INFO o.a.j.t.JMeterThread: Thread started: Thread Group 1-1
2024-01-28 10:59:40,650 INFO o.a.j.t.ThreadGroup: Started thread group number 1
2024-01-28 10:59:40,650 INFO o.a.j.e.StandardJMeterEngine: All thread groups have been started
2024-01-28 10:59:40,716 INFO o.a.j.t.JMeterThread: Thread started: Thread Group 1-2
2024-01-28 10:59:40,783 INFO o.a.j.t.JMeterThread: Thread started: Thread Group 1-3
2024-01-28 10:59:40,851 INFO o.a.j.t.JMeterThread: Thread started: Thread Group 1-4
2024-01-28 10:59:40,916 INFO o.a.j.t.JMeterThread: Thread started: Thread Group 1-5
2024-01-28 10:59:40,984 INFO o.a.j.t.JMeterThread: Thread started: Thread Group 1-6
2024-01-28 10:59:41,051 INFO o.a.j.t.JMeterThread: Thread started: Thread Group 1-7
2024-01-28 10:59:41,119 INFO o.a.j.t.JMeterThread: Thread started: Thread Group 1-8
2024-01-28 10:59:41,185 INFO o.a.j.t.JMeterThread: Thread started: Thread Group 1-9
2024-01-28 10:59:41,253 INFO o.a.j.t.JMeterThread: Thread started: Thread Group 1-10
2024-01-28 10:59:41,319 INFO o.a.j.t.JMeterThread: Thread started: Thread Group 1-11
2024-01-28 10:59:41,386 INFO o.a.j.t.JMeterThread: Thread started: Thread Group 1-12
2024-01-28 10:59:41,417 INFO o.a.j.t.JMeterThread: Thread is done: Thread Group 1-1
2024-01-28 10:59:41,417 INFO o.a.j.t.JMeterThread: Thread is done: Thread Group 1-2
2024-01-28 10:59:41,417 INFO o.a.j.t.JMeterThread: Thread is done: Thread Group 1-3
2024-01-28 10:59:41,417 INFO o.a.j.t.JMeterThread: Thread is done: Thread Group 1-4
2024-01-28 10:59:41,417 INFO o.a.j.t.JMeterThread: Thread finished: Thread Group 1-2
2024-01-28 10:59:41,417 INFO o.a.j.t.JMeterThread: Thread finished: Thread Group 1-1
2024-01-28 10:59:41,417 INFO o.a.j.t.JMeterThread: Thread finished: Thread Group 1-4
2024-01-28 10:59:41,417 INFO o.a.j.t.JMeterThread: Thread finished: Thread Group 1-3
2024-01-28 10:59:41,453 INFO o.a.j.t.JMeterThread: Thread started: Thread Group 1-13
2024-01-28 10:59:41,520 INFO o.a.j.t.JMeterThread: Thread started: Thread Group 1-14
2024-01-28 10:59:41,588 INFO o.a.j.t.JMeterThread: Thread started: Thread Group 1-15
2024-01-28 10:59:42,934 INFO o.a.j.t.JMeterThread: Thread is done: Thread Group 1-5
2024-01-28 10:59:42,934 INFO o.a.j.t.JMeterThread: Thread finished: Thread Group 1-5
2024-01-28 10:59:42,994 INFO o.a.j.t.JMeterThread: Thread is done: Thread Group 1-6
2024-01-28 10:59:42,994 INFO o.a.j.t.JMeterThread: Thread finished: Thread Group 1-6
2024-01-28 10:59:43,070 INFO o.a.j.t.JMeterThread: Thread is done: Thread Group 1-7
2024-01-28 10:59:43,071 INFO o.a.j.t.JMeterThread: Thread finished: Thread Group 1-7
2024-01-28 10:59:43,133 INFO o.a.j.t.JMeterThread: Thread is done: Thread Group 1-8
2024-01-28 10:59:43,133 INFO o.a.j.t.JMeterThread: Thread finished: Thread Group 1-8
2024-01-28 10:59:43,211 INFO o.a.j.t.JMeterThread: Thread is done: Thread Group 1-9
2024-01-28 10:59:43,211 INFO o.a.j.t.JMeterThread: Thread finished: Thread Group 1-9
2024-01-28 10:59:43,272 INFO o.a.j.t.JMeterThread: Thread is done: Thread Group 1-10
2024-01-28 10:59:43,272 INFO o.a.j.t.JMeterThread: Thread finished: Thread Group 1-10
2024-01-28 10:59:43,335 INFO o.a.j.t.JMeterThread: Thread is done: Thread Group 1-11
2024-01-28 10:59:43,335 INFO o.a.j.t.JMeterThread: Thread finished: Thread Group 1-11
2024-01-28 10:59:43,412 INFO o.a.j.t.JMeterThread: Thread is done: Thread Group 1-12
2024-01-28 10:59:43,412 INFO o.a.j.t.JMeterThread: Thread finished: Thread Group 1-12
2024-01-28 10:59:43,473 INFO o.a.j.t.JMeterThread: Thread is done: Thread Group 1-13
2024-01-28 10:59:43,473 INFO o.a.j.t.JMeterThread: Thread finished: Thread Group 1-13
2024-01-28 10:59:43,536 INFO o.a.j.t.JMeterThread: Thread is done: Thread Group 1-14
2024-01-28 10:59:43,537 INFO o.a.j.t.JMeterThread: Thread finished: Thread Group 1-14
2024-01-28 10:59:43,598 INFO o.a.j.t.JMeterThread: Thread is done: Thread Group 1-15
2024-01-28 10:59:43,598 INFO o.a.j.t.JMeterThread: Thread finished: Thread Group 1-15
2024-01-28 10:59:43,599 INFO o.a.j.e.StandardJMeterEngine: Notifying test listeners of end of test
2024-01-28 10:59:43,600 INFO o.a.j.g.u.JMeterMenuBar: setRunning(false, *local*)
2024-01-28 11:12:53,487 INFO o.a.j.e.StandardJMeterEngine: Running the test!
2024-01-28 11:12:53,488 INFO o.a.j.s.SampleEvent: List of sample_variables: []
2024-01-28 11:12:53,488 INFO o.a.j.g.u.JMeterMenuBar: setRunning(true, *local*)
2024-01-28 11:12:53,521 INFO o.a.j.e.StandardJMeterEngine: Starting ThreadGroup: 1 : Thread Group
2024-01-28 11:12:53,521 INFO o.a.j.e.StandardJMeterEngine: Starting 15 threads for group Thread Group.
2024-01-28 11:12:53,521 INFO o.a.j.e.StandardJMeterEngine: Thread will continue on error
2024-01-28 11:12:53,521 INFO o.a.j.t.ThreadGroup: Starting thread group... number=1 threads=15 ramp-up=1 delayedStart=false
2024-01-28 11:12:53,522 INFO o.a.j.t.JMeterThread: Thread started: Thread Group 1-1
2024-01-28 11:12:53,523 INFO o.a.j.t.ThreadGroup: Started thread group number 1
2024-01-28 11:12:53,523 INFO o.a.j.e.StandardJMeterEngine: All thread groups have been started
2024-01-28 11:12:53,603 INFO o.a.j.t.JMeterThread: Thread started: Thread Group 1-2
2024-01-28 11:12:53,664 INFO o.a.j.t.JMeterThread: Thread started: Thread Group 1-3
2024-01-28 11:12:53,726 INFO o.a.j.t.JMeterThread: Thread started: Thread Group 1-4
2024-01-28 11:12:53,803 INFO o.a.j.t.JMeterThread: Thread started: Thread Group 1-5
2024-01-28 11:12:53,866 INFO o.a.j.t.JMeterThread: Thread started: Thread Group 1-6
2024-01-28 11:12:53,928 INFO o.a.j.t.JMeterThread: Thread started: Thread Group 1-7
2024-01-28 11:12:54,005 INFO o.a.j.t.JMeterThread: Thread started: Thread Group 1-8
2024-01-28 11:12:54,070 INFO o.a.j.t.JMeterThread: Thread started: Thread Group 1-9
2024-01-28 11:12:54,132 INFO o.a.j.t.JMeterThread: Thread started: Thread Group 1-10
2024-01-28 11:12:54,193 INFO o.a.j.t.JMeterThread: Thread started: Thread Group 1-11
2024-01-28 11:12:54,262 INFO o.a.j.t.JMeterThread: Thread is done: Thread Group 1-4
2024-01-28 11:12:54,262 INFO o.a.j.t.JMeterThread: Thread is done: Thread Group 1-1
2024-01-28 11:12:54,262 INFO o.a.j.t.JMeterThread: Thread finished: Thread Group 1-4
2024-01-28 11:12:54,262 INFO o.a.j.t.JMeterThread: Thread is done: Thread Group 1-3
2024-01-28 11:12:54,262 INFO o.a.j.t.JMeterThread: Thread finished: Thread Group 1-1
2024-01-28 11:12:54,262 INFO o.a.j.t.JMeterThread: Thread is done: Thread Group 1-2
2024-01-28 11:12:54,262 INFO o.a.j.t.JMeterThread: Thread finished: Thread Group 1-3
2024-01-28 11:12:54,262 INFO o.a.j.t.JMeterThread: Thread finished: Thread Group 1-2
2024-01-28 11:12:54,271 INFO o.a.j.t.JMeterThread: Thread started: Thread Group 1-12
2024-01-28 11:12:54,333 INFO o.a.j.t.JMeterThread: Thread started: Thread Group 1-13
2024-01-28 11:12:54,396 INFO o.a.j.t.JMeterThread: Thread started: Thread Group 1-14
2024-01-28 11:12:54,473 INFO o.a.j.t.JMeterThread: Thread started: Thread Group 1-15
2024-01-28 11:12:55,818 INFO o.a.j.t.JMeterThread: Thread is done: Thread Group 1-5
2024-01-28 11:12:55,818 INFO o.a.j.t.JMeterThread: Thread finished: Thread Group 1-5
2024-01-28 11:12:55,892 INFO o.a.j.t.JMeterThread: Thread is done: Thread Group 1-6
2024-01-28 11:12:55,893 INFO o.a.j.t.JMeterThread: Thread finished: Thread Group 1-6
2024-01-28 11:12:55,938 INFO o.a.j.t.JMeterThread: Thread is done: Thread Group 1-7
2024-01-28 11:12:55,938 INFO o.a.j.t.JMeterThread: Thread finished: Thread Group 1-7
2024-01-28 11:12:56,030 INFO o.a.j.t.JMeterThread: Thread is done: Thread Group 1-8
2024-01-28 11:12:56,031 INFO o.a.j.t.JMeterThread: Thread finished: Thread Group 1-8
2024-01-28 11:12:56,092 INFO o.a.j.t.JMeterThread: Thread is done: Thread Group 1-9
2024-01-28 11:12:56,092 INFO o.a.j.t.JMeterThread: Thread finished: Thread Group 1-9
2024-01-28 11:12:56,154 INFO o.a.j.t.JMeterThread: Thread is done: Thread Group 1-10
2024-01-28 11:12:56,154 INFO o.a.j.t.JMeterThread: Thread finished: Thread Group 1-10
2024-01-28 11:12:56,230 INFO o.a.j.t.JMeterThread: Thread is done: Thread Group 1-11
2024-01-28 11:12:56,230 INFO o.a.j.t.JMeterThread: Thread finished: Thread Group 1-11
2024-01-28 11:12:56,293 INFO o.a.j.t.JMeterThread: Thread is done: Thread Group 1-12
2024-01-28 11:12:56,293 INFO o.a.j.t.JMeterThread: Thread finished: Thread Group 1-12
2024-01-28 11:12:56,355 INFO o.a.j.t.JMeterThread: Thread is done: Thread Group 1-13
2024-01-28 11:12:56,355 INFO o.a.j.t.JMeterThread: Thread finished: Thread Group 1-13
2024-01-28 11:12:56,418 INFO o.a.j.t.JMeterThread: Thread is done: Thread Group 1-14
2024-01-28 11:12:56,418 INFO o.a.j.t.JMeterThread: Thread finished: Thread Group 1-14
2024-01-28 11:12:56,492 INFO o.a.j.t.JMeterThread: Thread is done: Thread Group 1-15
2024-01-28 11:12:56,493 INFO o.a.j.t.JMeterThread: Thread finished: Thread Group 1-15
2024-01-28 11:12:56,493 INFO o.a.j.e.StandardJMeterEngine: Notifying test listeners of end of test
2024-01-28 11:12:56,493 INFO o.a.j.g.u.JMeterMenuBar: setRunning(false, *local*)
